2017-10-28 21:35:37,126 [Worker-0] INFO  c.g.t.t.d.PublishedGradleVersions - Gradle version information cache is up-to-date. Trying to read.
2017-10-28 21:37:03,497 [Worker-1] INFO  o.e.m.c.i.l.LifecycleMappingFactory - Using NULL lifecycle mapping for MavenProject: com.hui.ssm.carlmarket:carlmarket-parent:0.0.1-SNAPSHOT @ D:\GitTest\carlmarket-parent\pom.xml.
2017-10-28 21:37:04,225 [Worker-1] INFO  o.e.m.c.i.p.ProjectConfigurationManager - Imported and configured 1 project(s) in 1 sec
2017-10-28 21:37:40,607 [Worker-14] INFO  o.e.m.c.i.e.AbstractTransferListenerAdapter - Downloaded https://repo.maven.apache.org/maven2/org/apache/maven/plugins/maven-resources-plugin/2.7/maven-resources-plugin-2.7.jar
2017-10-28 21:37:50,787 [Worker-14] INFO  o.e.m.c.i.e.AbstractTransferListenerAdapter - Downloaded https://repo.maven.apache.org/maven2/org/apache/maven/plugins/maven-compiler-plugin/3.2/maven-compiler-plugin-3.2.jar
2017-10-28 21:38:00,891 [Worker-14] INFO  o.e.m.c.i.e.AbstractTransferListenerAdapter - Downloaded https://repo.maven.apache.org/maven2/org/apache/maven/plugins/maven-jar-plugin/2.4/maven-jar-plugin-2.4.jar
2017-10-28 21:38:11,079 [Worker-14] INFO  o.e.m.c.i.e.AbstractTransferListenerAdapter - Downloaded https://repo.maven.apache.org/maven2/org/apache/maven/plugins/maven-compiler-plugin/3.2/maven-compiler-plugin-3.2.pom
2017-10-28 21:38:11,150 [Worker-14] INFO  o.e.m.c.i.l.LifecycleMappingFactory - Using org.eclipse.m2e.jdt.JarLifecycleMapping lifecycle mapping for MavenProject: com.hui.ssm.carlmarket:carlmarket-common:0.0.1-SNAPSHOT @ D:\GitTest\carlmarket-common\pom.xml.
2017-10-28 21:38:22,444 [Worker-14] INFO  o.e.m.c.i.e.AbstractTransferListenerAdapter - Downloading https://repo.maven.apache.org/maven2/joda-time/joda-time/2.5/joda-time-2.5.pom
2017-10-28 21:38:36,892 [Worker-14] INFO  o.e.m.c.i.e.AbstractTransferListenerAdapter - Downloaded https://repo.maven.apache.org/maven2/joda-time/joda-time/2.5/joda-time-2.5.pom
2017-10-28 21:38:38,323 [Worker-14] INFO  o.e.m.c.i.e.AbstractTransferListenerAdapter - Downloading https://repo.maven.apache.org/maven2/com/fasterxml/jackson/core/jackson-databind/2.4.2/jackson-databind-2.4.2.pom
2017-10-28 21:38:46,479 [Worker-14] INFO  o.e.m.c.i.e.AbstractTransferListenerAdapter - Downloaded https://repo.maven.apache.org/maven2/com/fasterxml/jackson/core/jackson-databind/2.4.2/jackson-databind-2.4.2.pom
2017-10-28 21:38:48,220 [Worker-14] INFO  o.e.m.c.i.e.AbstractTransferListenerAdapter - Downloading https://repo.maven.apache.org/maven2/com/fasterxml/jackson/jackson-parent/2.4/jackson-parent-2.4.pom
2017-10-28 21:38:50,230 [Worker-14] INFO  o.e.m.c.i.e.AbstractTransferListenerAdapter - Downloaded https://repo.maven.apache.org/maven2/com/fasterxml/jackson/jackson-parent/2.4/jackson-parent-2.4.pom
2017-10-28 21:38:50,603 [Worker-14] INFO  o.e.m.c.i.e.AbstractTransferListenerAdapter - Downloading https://repo.maven.apache.org/maven2/com/fasterxml/oss-parent/16/oss-parent-16.pom
2017-10-28 21:39:21,537 [Worker-14] INFO  o.e.m.c.i.e.AbstractTransferListenerAdapter - Downloaded https://repo.maven.apache.org/maven2/com/fasterxml/oss-parent/16/oss-parent-16.pom
2017-10-28 21:39:23,994 [Worker-14] INFO  o.e.m.c.i.e.AbstractTransferListenerAdapter - Downloading https://repo.maven.apache.org/maven2/com/fasterxml/jackson/core/jackson-annotations/2.4.0/jackson-annotations-2.4.0.pom
2017-10-28 21:39:24,425 [Worker-14] INFO  o.e.m.c.i.e.AbstractTransferListenerAdapter - Downloaded https://repo.maven.apache.org/maven2/com/fasterxml/jackson/core/jackson-annotations/2.4.0/jackson-annotations-2.4.0.pom
2017-10-28 21:39:32,292 [Worker-14] INFO  o.e.m.c.i.e.AbstractTransferListenerAdapter - Downloading https://repo.maven.apache.org/maven2/com/fasterxml/jackson/core/jackson-core/2.4.2/jackson-core-2.4.2.pom
2017-10-28 21:39:35,812 [Worker-14] INFO  o.e.m.c.i.e.AbstractTransferListenerAdapter - Downloaded https://repo.maven.apache.org/maven2/com/fasterxml/jackson/core/jackson-core/2.4.2/jackson-core-2.4.2.pom
2017-10-28 21:39:36,713 [Worker-14] INFO  o.e.m.c.i.e.AbstractTransferListenerAdapter - Downloading https://repo.maven.apache.org/maven2/org/apache/httpcomponents/httpclient/4.3.5/httpclient-4.3.5.pom
2017-10-28 21:39:38,473 [Worker-14] INFO  o.e.m.c.i.e.AbstractTransferListenerAdapter - Downloaded https://repo.maven.apache.org/maven2/org/apache/httpcomponents/httpclient/4.3.5/httpclient-4.3.5.pom
2017-10-28 21:39:40,782 [Worker-14] INFO  o.e.m.c.i.e.AbstractTransferListenerAdapter - Downloading https://repo.maven.apache.org/maven2/org/apache/httpcomponents/httpcomponents-client/4.3.5/httpcomponents-client-4.3.5.pom
2017-10-28 21:39:42,534 [Worker-14] INFO  o.e.m.c.i.e.AbstractTransferListenerAdapter - Downloaded https://repo.maven.apache.org/maven2/org/apache/httpcomponents/httpcomponents-client/4.3.5/httpcomponents-client-4.3.5.pom
2017-10-28 21:39:46,084 [Worker-14] INFO  o.e.m.c.i.e.AbstractTransferListenerAdapter - Downloading https://repo.maven.apache.org/maven2/org/apache/httpcomponents/project/7/project-7.pom
2017-10-28 21:39:48,700 [Worker-6] INFO  o.e.m.c.i.e.AbstractTransferListenerAdapter - Downloading https://repo.maven.apache.org/maven2/org/apache/httpcomponents/project/7/project-7.pom
2017-10-28 21:39:58,691 [Worker-14] INFO  o.e.m.c.i.e.AbstractTransferListenerAdapter - Downloaded https://repo.maven.apache.org/maven2/org/apache/httpcomponents/project/7/project-7.pom
2017-10-28 21:39:59,144 [Worker-14] INFO  o.e.m.c.i.e.AbstractTransferListenerAdapter - Downloading https://repo.maven.apache.org/maven2/org/apache/httpcomponents/httpcore/4.3.2/httpcore-4.3.2.pom
2017-10-28 21:40:01,370 [Worker-14] INFO  o.e.m.c.i.e.AbstractTransferListenerAdapter - Downloaded https://repo.maven.apache.org/maven2/org/apache/httpcomponents/httpcore/4.3.2/httpcore-4.3.2.pom
2017-10-28 21:40:01,567 [Worker-6] INFO  o.e.m.c.i.e.AbstractTransferListenerAdapter - Downloaded https://repo.maven.apache.org/maven2/org/apache/httpcomponents/project/7/project-7.pom
2017-10-28 21:40:03,017 [Worker-14] INFO  o.e.m.c.i.e.AbstractTransferListenerAdapter - Downloading https://repo.maven.apache.org/maven2/org/apache/httpcomponents/httpcomponents-core/4.3.2/httpcomponents-core-4.3.2.pom
2017-10-28 21:40:04,317 [Worker-6] INFO  o.e.m.c.i.e.AbstractTransferListenerAdapter - Downloading https://repo.maven.apache.org/maven2/org/apache/httpcomponents/httpcomponents-core/4.3.2/httpcomponents-core-4.3.2.pom
2017-10-28 21:40:10,069 [Worker-14] INFO  o.e.m.c.i.e.AbstractTransferListenerAdapter - Downloaded https://repo.maven.apache.org/maven2/org/apache/httpcomponents/httpcomponents-core/4.3.2/httpcomponents-core-4.3.2.pom
2017-10-28 21:40:10,643 [Worker-14] INFO  o.e.m.c.i.e.AbstractTransferListenerAdapter - Downloading https://repo.maven.apache.org/maven2/commons-codec/commons-codec/1.6/commons-codec-1.6.pom
2017-10-28 21:40:11,963 [Worker-6] INFO  o.e.m.c.i.e.AbstractTransferListenerAdapter - Downloaded https://repo.maven.apache.org/maven2/org/apache/httpcomponents/httpcomponents-core/4.3.2/httpcomponents-core-4.3.2.pom
2017-10-28 21:40:12,656 [Worker-6] INFO  o.e.m.c.i.e.AbstractTransferListenerAdapter - Downloading https://repo.maven.apache.org/maven2/commons-codec/commons-codec/1.6/commons-codec-1.6.pom
2017-10-28 21:40:13,609 [Worker-14] INFO  o.e.m.c.i.e.AbstractTransferListenerAdapter - Downloaded https://repo.maven.apache.org/maven2/commons-codec/commons-codec/1.6/commons-codec-1.6.pom
2017-10-28 21:40:14,155 [Worker-14] INFO  o.e.m.c.i.e.AbstractTransferListenerAdapter - Downloading https://repo.maven.apache.org/maven2/org/quartz-scheduler/quartz/2.2.2/quartz-2.2.2.pom
2017-10-28 21:40:15,114 [Worker-14] INFO  o.e.m.c.i.e.AbstractTransferListenerAdapter - Downloaded https://repo.maven.apache.org/maven2/org/quartz-scheduler/quartz/2.2.2/quartz-2.2.2.pom
2017-10-28 21:40:15,441 [Worker-14] INFO  o.e.m.c.i.e.AbstractTransferListenerAdapter - Downloading https://repo.maven.apache.org/maven2/org/quartz-scheduler/quartz-parent/2.2.2/quartz-parent-2.2.2.pom
2017-10-28 21:40:20,614 [Worker-6] INFO  o.e.m.c.i.e.AbstractTransferListenerAdapter - Downloaded https://repo.maven.apache.org/maven2/commons-codec/commons-codec/1.6/commons-codec-1.6.pom
2017-10-28 21:40:20,970 [Worker-6] INFO  o.e.m.c.i.e.AbstractTransferListenerAdapter - Downloading https://repo.maven.apache.org/maven2/org/quartz-scheduler/quartz-parent/2.2.2/quartz-parent-2.2.2.pom
2017-10-28 21:40:21,975 [Worker-14] INFO  o.e.m.c.i.e.AbstractTransferListenerAdapter - Downloaded https://repo.maven.apache.org/maven2/org/quartz-scheduler/quartz-parent/2.2.2/quartz-parent-2.2.2.pom
2017-10-28 21:40:22,428 [Worker-14] INFO  o.e.m.c.i.e.AbstractTransferListenerAdapter - Downloading https://repo.maven.apache.org/maven2/c3p0/c3p0/0.9.1.1/c3p0-0.9.1.1.pom
2017-10-28 21:40:22,787 [Worker-14] INFO  o.e.m.c.i.e.AbstractTransferListenerAdapter - Downloaded https://repo.maven.apache.org/maven2/c3p0/c3p0/0.9.1.1/c3p0-0.9.1.1.pom
2017-10-28 21:40:24,191 [Worker-14] INFO  o.e.m.c.i.e.AbstractTransferListenerAdapter - Downloading https://repo.maven.apache.org/maven2/junit/junit/4.12/junit-4.12.pom
2017-10-28 21:40:26,281 [Worker-6] INFO  o.e.m.c.i.e.AbstractTransferListenerAdapter - Downloaded https://repo.maven.apache.org/maven2/org/quartz-scheduler/quartz-parent/2.2.2/quartz-parent-2.2.2.pom
2017-10-28 21:40:27,161 [Worker-6] INFO  o.e.m.c.i.e.AbstractTransferListenerAdapter - Downloading https://repo.maven.apache.org/maven2/junit/junit/4.12/junit-4.12.pom
2017-10-28 21:40:33,660 [Worker-14] INFO  o.e.m.c.i.e.AbstractTransferListenerAdapter - Downloaded https://repo.maven.apache.org/maven2/junit/junit/4.12/junit-4.12.pom
2017-10-28 21:40:34,780 [Worker-14] INFO  o.e.m.c.i.e.AbstractTransferListenerAdapter - Downloading https://repo.maven.apache.org/maven2/org/hamcrest/hamcrest-core/1.3/hamcrest-core-1.3.pom
2017-10-28 21:40:35,137 [Worker-14] INFO  o.e.m.c.i.e.AbstractTransferListenerAdapter - Downloaded https://repo.maven.apache.org/maven2/org/hamcrest/hamcrest-core/1.3/hamcrest-core-1.3.pom
2017-10-28 21:40:35,404 [Worker-6] INFO  o.e.m.c.i.e.AbstractTransferListenerAdapter - Downloaded https://repo.maven.apache.org/maven2/junit/junit/4.12/junit-4.12.pom
2017-10-28 21:40:35,483 [Worker-14] INFO  o.e.m.c.i.e.AbstractTransferListenerAdapter - Downloading https://repo.maven.apache.org/maven2/org/hamcrest/hamcrest-parent/1.3/hamcrest-parent-1.3.pom
2017-10-28 21:40:35,902 [Worker-6] INFO  o.e.m.c.i.e.AbstractTransferListenerAdapter - Downloading https://repo.maven.apache.org/maven2/org/hamcrest/hamcrest-parent/1.3/hamcrest-parent-1.3.pom
2017-10-28 21:40:37,374 [Worker-14] INFO  o.e.m.c.i.e.AbstractTransferListenerAdapter - Downloaded https://repo.maven.apache.org/maven2/org/hamcrest/hamcrest-parent/1.3/hamcrest-parent-1.3.pom
2017-10-28 21:40:37,838 [Worker-14] INFO  o.e.m.c.i.e.AbstractTransferListenerAdapter - Downloaded https://repo.maven.apache.org/maven2/fastdfs_client/fastdfs_client/1.25/fastdfs_client-1.25.pom
2017-10-28 21:40:37,846 [Worker-14] WARN  o.e.m.c.i.embedder.EclipseLogger - The POM for fastdfs_client:fastdfs_client:jar:1.25 is missing, no dependency information available
2017-10-28 21:40:37,863 [Worker-6] INFO  o.e.m.c.i.e.AbstractTransferListenerAdapter - Downloaded https://repo.maven.apache.org/maven2/org/hamcrest/hamcrest-parent/1.3/hamcrest-parent-1.3.pom
2017-10-28 21:40:37,877 [Worker-6] WARN  o.e.m.c.i.embedder.EclipseLogger - The POM for fastdfs_client:fastdfs_client:jar:1.25 is missing, no dependency information available
2017-10-28 21:40:38,331 [Worker-6] INFO  o.e.m.c.i.e.AbstractTransferListenerAdapter - Downloading https://repo.maven.apache.org/maven2/redis/clients/jedis/2.7.2/jedis-2.7.2.pom
2017-10-28 21:40:40,124 [Worker-6] INFO  o.e.m.c.i.e.AbstractTransferListenerAdapter - Downloaded https://repo.maven.apache.org/maven2/redis/clients/jedis/2.7.2/jedis-2.7.2.pom
2017-10-28 21:40:45,976 [Worker-6] INFO  o.e.m.c.i.e.AbstractTransferListenerAdapter - Downloading https://repo.maven.apache.org/maven2/org/sonatype/oss/oss-parent/7/oss-parent-7.pom
2017-10-28 21:40:47,070 [Worker-6] INFO  o.e.m.c.i.e.AbstractTransferListenerAdapter - Downloaded https://repo.maven.apache.org/maven2/org/sonatype/oss/oss-parent/7/oss-parent-7.pom
2017-10-28 21:40:47,900 [Worker-14] INFO  o.e.m.c.i.e.AbstractTransferListenerAdapter - Downloaded https://repo.maven.apache.org/maven2/redis/clients/jedis/2.7.2/jedis-2.7.2.pom
2017-10-28 21:40:49,278 [Worker-6] INFO  o.e.m.c.i.e.AbstractTransferListenerAdapter - Downloading https://repo.maven.apache.org/maven2/org/apache/commons/commons-pool2/2.3/commons-pool2-2.3.pom
2017-10-28 21:40:51,163 [Worker-6] INFO  o.e.m.c.i.e.AbstractTransferListenerAdapter - Downloaded https://repo.maven.apache.org/maven2/org/apache/commons/commons-pool2/2.3/commons-pool2-2.3.pom
2017-10-28 21:40:51,283 [Worker-6] WARN  o.e.m.c.i.embedder.EclipseLogger - The artifact org.apache.commons:commons-io:jar:1.3.2 has been relocated to commons-io:commons-io:jar:1.3.2
2017-10-28 21:40:52,466 [Worker-6] INFO  o.e.m.c.i.e.AbstractTransferListenerAdapter - Downloading https://repo.maven.apache.org/maven2/joda-time/joda-time/2.5/joda-time-2.5.jar
2017-10-28 21:40:58,571 [Worker-14] INFO  o.e.m.c.i.e.AbstractTransferListenerAdapter - Downloaded https://repo.maven.apache.org/maven2/org/apache/maven/plugins/maven-resources-plugin/2.7/maven-resources-plugin-2.7.pom
2017-10-28 21:40:59,360 [Worker-20] INFO  o.e.m.c.i.l.LifecycleMappingFactory - Using NULL lifecycle mapping for MavenProject: com.hui.ssm.carlmarket:carlmarket-manager:0.0.1-SNAPSHOT @ D:\GitTest\carlmarket-manager\pom.xml.
2017-10-28 21:40:59,526 [Worker-20] WARN  o.e.m.c.i.embedder.EclipseLogger - The POM for fastdfs_client:fastdfs_client:jar:1.25 is missing, no dependency information available
2017-10-28 21:41:09,587 [Worker-20] INFO  o.e.m.c.i.e.AbstractTransferListenerAdapter - Downloaded https://repo.maven.apache.org/maven2/joda-time/joda-time/2.5/joda-time-2.5.jar
2017-10-28 21:41:19,592 [Worker-20] INFO  o.e.m.c.i.e.AbstractTransferListenerAdapter - Downloaded https://repo.maven.apache.org/maven2/com/fasterxml/jackson/core/jackson-databind/2.4.2/jackson-databind-2.4.2.jar
2017-10-28 21:41:23,465 [Worker-20] INFO  o.e.m.c.i.e.AbstractTransferListenerAdapter - Downloading https://repo.maven.apache.org/maven2/com/fasterxml/jackson/core/jackson-annotations/2.4.0/jackson-annotations-2.4.0.jar
2017-10-28 21:41:37,062 [Worker-20] INFO  o.e.m.c.i.e.AbstractTransferListenerAdapter - Downloaded https://repo.maven.apache.org/maven2/com/fasterxml/jackson/core/jackson-annotations/2.4.0/jackson-annotations-2.4.0.jar
2017-10-28 21:41:39,295 [Worker-20] INFO  o.e.m.c.i.e.AbstractTransferListenerAdapter - Downloading https://repo.maven.apache.org/maven2/com/fasterxml/jackson/core/jackson-core/2.4.2/jackson-core-2.4.2.jar
2017-10-28 22:05:59,583 [Worker-3] INFO  c.g.t.t.d.PublishedGradleVersions - Gradle version information cache is up-to-date. Trying to read.
2017-10-28 22:06:09,103 [Worker-8] INFO  o.e.m.c.i.l.LifecycleMappingFactory - Using NULL lifecycle mapping for MavenProject: com.hui.ssm.carlmarket:carlmarket-parent:0.0.1-SNAPSHOT @ D:\GitTest\carlmarket-parent\pom.xml.
2017-10-28 22:06:09,462 [Worker-8] INFO  o.e.m.c.i.l.LifecycleMappingFactory - Using org.eclipse.m2e.jdt.JarLifecycleMapping lifecycle mapping for MavenProject: com.hui.ssm.carlmarket:carlmarket-common:0.0.1-SNAPSHOT @ D:\GitTest\carlmarket-common\pom.xml.
2017-10-28 22:06:09,904 [Worker-8] WARN  o.e.m.c.i.embedder.EclipseLogger - The POM for fastdfs_client:fastdfs_client:jar:1.25 is missing, no dependency information available
2017-10-28 22:06:09,940 [Worker-8] WARN  o.e.m.c.i.embedder.EclipseLogger - The artifact org.apache.commons:commons-io:jar:1.3.2 has been relocated to commons-io:commons-io:jar:1.3.2
2017-10-28 22:06:15,424 [Worker-8] INFO  o.e.m.c.i.e.AbstractTransferListenerAdapter - Downloading https://repo.maven.apache.org/maven2/joda-time/joda-time/2.5/joda-time-2.5.jar
2017-10-28 22:10:02,522 [Worker-8] INFO  o.e.m.c.i.e.AbstractTransferListenerAdapter - Downloaded https://repo.maven.apache.org/maven2/joda-time/joda-time/2.5/joda-time-2.5.jar
2017-10-28 22:10:03,259 [Worker-8] INFO  o.e.m.c.i.e.AbstractTransferListenerAdapter - Downloading https://repo.maven.apache.org/maven2/com/fasterxml/jackson/core/jackson-databind/2.4.2/jackson-databind-2.4.2.jar
2017-10-28 22:18:24,848 [Worker-8] INFO  o.e.m.c.i.e.AbstractTransferListenerAdapter - Downloaded https://repo.maven.apache.org/maven2/com/fasterxml/jackson/core/jackson-databind/2.4.2/jackson-databind-2.4.2.jar
2017-10-28 22:18:25,570 [Worker-8] INFO  o.e.m.c.i.e.AbstractTransferListenerAdapter - Downloading https://repo.maven.apache.org/maven2/com/fasterxml/jackson/core/jackson-core/2.4.2/jackson-core-2.4.2.jar
2017-10-28 22:18:48,782 [Worker-8] INFO  o.e.m.c.i.e.AbstractTransferListenerAdapter - Downloaded https://repo.maven.apache.org/maven2/com/fasterxml/jackson/core/jackson-core/2.4.2/jackson-core-2.4.2.jar
2017-10-28 22:18:49,349 [Worker-8] INFO  o.e.m.c.i.e.AbstractTransferListenerAdapter - Downloading https://repo.maven.apache.org/maven2/org/apache/httpcomponents/httpclient/4.3.5/httpclient-4.3.5.jar
2017-10-28 22:23:15,526 [Worker-8] INFO  o.e.m.c.i.e.AbstractTransferListenerAdapter - Downloaded https://repo.maven.apache.org/maven2/org/apache/httpcomponents/httpclient/4.3.5/httpclient-4.3.5.jar
2017-10-28 22:23:18,608 [Worker-8] INFO  o.e.m.c.i.e.AbstractTransferListenerAdapter - Downloading https://repo.maven.apache.org/maven2/org/apache/httpcomponents/httpcore/4.3.2/httpcore-4.3.2.jar
2017-10-28 22:25:19,745 [Worker-8] INFO  o.e.m.c.i.e.AbstractTransferListenerAdapter - Downloaded https://repo.maven.apache.org/maven2/org/apache/httpcomponents/httpcore/4.3.2/httpcore-4.3.2.jar
2017-10-28 22:25:20,431 [Worker-8] INFO  o.e.m.c.i.e.AbstractTransferListenerAdapter - Downloading https://repo.maven.apache.org/maven2/commons-codec/commons-codec/1.6/commons-codec-1.6.jar
2017-10-28 22:27:41,827 [Worker-8] INFO  o.e.m.c.i.e.AbstractTransferListenerAdapter - Downloaded https://repo.maven.apache.org/maven2/commons-codec/commons-codec/1.6/commons-codec-1.6.jar
2017-10-28 22:27:42,418 [Worker-8] INFO  o.e.m.c.i.e.AbstractTransferListenerAdapter - Downloading https://repo.maven.apache.org/maven2/org/quartz-scheduler/quartz/2.2.2/quartz-2.2.2.jar
2017-10-28 22:31:17,265 [Worker-8] INFO  o.e.m.c.i.e.AbstractTransferListenerAdapter - Downloaded https://repo.maven.apache.org/maven2/org/quartz-scheduler/quartz/2.2.2/quartz-2.2.2.jar
2017-10-28 22:31:17,266 [Worker-8] INFO  o.e.m.c.i.e.AbstractTransferListenerAdapter - Downloaded https://repo.maven.apache.org/maven2/c3p0/c3p0/0.9.1.1/c3p0-0.9.1.1.jar
2017-10-28 22:31:17,266 [Worker-8] INFO  o.e.m.c.i.e.AbstractTransferListenerAdapter - Downloaded https://repo.maven.apache.org/maven2/junit/junit/4.12/junit-4.12.jar
2017-10-28 22:31:17,267 [Worker-8] INFO  o.e.m.c.i.e.AbstractTransferListenerAdapter - Downloaded https://repo.maven.apache.org/maven2/org/hamcrest/hamcrest-core/1.3/hamcrest-core-1.3.jar
2017-10-28 22:31:17,267 [Worker-8] INFO  o.e.m.c.i.e.AbstractTransferListenerAdapter - Downloaded https://repo.maven.apache.org/maven2/fastdfs_client/fastdfs_client/1.25/fastdfs_client-1.25.jar
2017-10-28 22:31:17,267 [Worker-8] INFO  o.e.m.c.i.e.AbstractTransferListenerAdapter - Downloaded https://repo.maven.apache.org/maven2/redis/clients/jedis/2.7.2/jedis-2.7.2.jar
2017-10-28 22:31:17,267 [Worker-8] INFO  o.e.m.c.i.e.AbstractTransferListenerAdapter - Downloaded https://repo.maven.apache.org/maven2/org/apache/commons/commons-pool2/2.3/commons-pool2-2.3.jar
2017-10-28 22:31:17,577 [Worker-8] WARN  o.e.a.i.i.DefaultRepositoryEventDispatcher - Failed to dispatch repository event to org.eclipse.m2e.core.internal.embedder.EclipseRepositoryListener: null
2017-10-28 22:31:18,643 [Worker-8] WARN  o.e.a.i.i.DefaultRepositoryEventDispatcher - Failed to dispatch repository event to org.eclipse.m2e.core.internal.embedder.EclipseRepositoryListener: null
2017-10-28 22:31:19,183 [Worker-8] INFO  o.e.m.c.i.e.AbstractTransferListenerAdapter - Downloaded http://www.terracotta.org/download/reflector/snapshots/c3p0/c3p0/0.9.1.1/c3p0-0.9.1.1.jar
2017-10-28 22:31:19,185 [Worker-8] INFO  o.e.m.c.i.e.AbstractTransferListenerAdapter - Downloaded http://www.terracotta.org/download/reflector/releases/c3p0/c3p0/0.9.1.1/c3p0-0.9.1.1.jar
2017-10-28 22:31:20,520 [Worker-6] INFO  o.e.m.c.i.l.LifecycleMappingFactory - Using org.eclipse.m2e.jdt.JarLifecycleMapping lifecycle mapping for MavenProject: com.hui.ssm.carlmarket:carlmarket-common:0.0.1-SNAPSHOT @ D:\GitTest\carlmarket-common\pom.xml.
2017-10-28 22:31:20,857 [Worker-6] WARN  o.e.m.c.i.embedder.EclipseLogger - The POM for fastdfs_client:fastdfs_client:jar:1.25 is missing, no dependency information available
2017-10-28 22:31:20,877 [Worker-6] WARN  o.e.m.c.i.embedder.EclipseLogger - The artifact org.apache.commons:commons-io:jar:1.3.2 has been relocated to commons-io:commons-io:jar:1.3.2
2017-10-28 22:31:21,160 [Worker-6] INFO  o.e.m.c.i.l.LifecycleMappingFactory - Using NULL lifecycle mapping for MavenProject: com.hui.ssm.carlmarket:carlmarket-parent:0.0.1-SNAPSHOT @ D:\GitTest\carlmarket-parent\pom.xml.
2017-10-28 22:31:22,154 [Worker-8] WARN  o.e.m.c.i.embedder.EclipseLogger - The POM for fastdfs_client:fastdfs_client:jar:1.25 is missing, no dependency information available
2017-10-28 22:31:22,177 [Worker-8] WARN  o.e.m.c.i.embedder.EclipseLogger - The artifact org.apache.commons:commons-io:jar:1.3.2 has been relocated to commons-io:commons-io:jar:1.3.2
2017-10-28 22:31:49,603 [Worker-2] INFO  o.e.m.c.i.l.LifecycleMappingFactory - Using NULL lifecycle mapping for MavenProject: com.hui.ssm.carlmarket:carlmarket-manager:0.0.1-SNAPSHOT @ D:\GitTest\carlmarket-manager\pom.xml.
2017-10-28 22:31:49,723 [Worker-2] WARN  o.e.m.c.i.embedder.EclipseLogger - The POM for fastdfs_client:fastdfs_client:jar:1.25 is missing, no dependency information available
2017-10-28 22:31:49,840 [Worker-2] INFO  o.e.m.c.i.l.LifecycleMappingFactory - Using org.eclipse.m2e.jdt.JarLifecycleMapping lifecycle mapping for MavenProject: com.hui.ssm.carlmarket:carlmarket-pojo:0.0.1-SNAPSHOT @ D:\GitTest\carlmarket-manager\carlmarket-pojo\pom.xml.
2017-10-28 22:31:49,947 [Worker-2] INFO  o.e.m.c.i.l.LifecycleMappingFactory - Using org.eclipse.m2e.jdt.JarLifecycleMapping lifecycle mapping for MavenProject: com.hui.ssm.carlmarket:carlmarket-mapper:0.0.1-SNAPSHOT @ D:\GitTest\carlmarket-manager\carlmarket-mapper\pom.xml.
2017-10-28 22:32:00,271 [Worker-2] INFO  o.e.m.c.i.e.AbstractTransferListenerAdapter - Downloaded https://repo.maven.apache.org/maven2/com/github/miemiedev/mybatis-paginator/1.2.15/mybatis-paginator-1.2.15.pom
2017-10-28 22:32:10,296 [Worker-2] INFO  o.e.m.c.i.e.AbstractTransferListenerAdapter - Downloaded https://repo.maven.apache.org/maven2/com/github/pagehelper/pagehelper/3.4.2-fix/pagehelper-3.4.2-fix.pom
2017-10-28 22:32:10,704 [Worker-2] INFO  o.e.m.c.i.l.LifecycleMappingFactory - Using org.eclipse.m2e.jdt.JarLifecycleMapping lifecycle mapping for MavenProject: com.hui.ssm.carlmarket:carlmarket-interface:0.0.1-SNAPSHOT @ D:\GitTest\carlmarket-manager\carlmarket-interface\pom.xml.
2017-10-28 22:32:10,950 [Worker-2] INFO  o.e.m.c.i.l.LifecycleMappingFactory - Using org.maven.ide.eclipse.wtp.WarLifecycleMapping lifecycle mapping for MavenProject: com.hui.ssm.carlmarket:carlmarket-service:0.0.1-SNAPSHOT @ D:\GitTest\carlmarket-manager\carlmarket-service\pom.xml.
2017-10-28 22:32:18,417 [Worker-2] INFO  o.e.m.c.i.e.AbstractTransferListenerAdapter - Downloading https://repo.maven.apache.org/maven2/org/apache/activemq/activemq-all/5.11.2/activemq-all-5.11.2.pom
2017-10-28 22:32:19,542 [Worker-2] INFO  o.e.m.c.i.e.AbstractTransferListenerAdapter - Downloaded https://repo.maven.apache.org/maven2/org/apache/activemq/activemq-all/5.11.2/activemq-all-5.11.2.pom
2017-10-28 22:32:20,201 [Worker-2] INFO  o.e.m.c.i.e.AbstractTransferListenerAdapter - Downloading https://repo.maven.apache.org/maven2/org/apache/activemq/activemq-parent/5.11.2/activemq-parent-5.11.2.pom
2017-10-28 22:32:42,261 [Worker-2] INFO  o.e.m.c.i.e.AbstractTransferListenerAdapter - Downloaded https://repo.maven.apache.org/maven2/org/apache/activemq/activemq-parent/5.11.2/activemq-parent-5.11.2.pom
2017-10-28 22:32:42,590 [Worker-2] INFO  o.e.m.c.i.e.AbstractTransferListenerAdapter - Downloading https://repo.maven.apache.org/maven2/com/alibaba/dubbo/2.5.3/dubbo-2.5.3.pom
2017-10-28 22:32:52,194 [Worker-2] INFO  o.e.m.c.i.e.AbstractTransferListenerAdapter - Downloaded https://repo.maven.apache.org/maven2/com/alibaba/dubbo/2.5.3/dubbo-2.5.3.pom
2017-10-28 22:32:52,507 [Worker-2] INFO  o.e.m.c.i.e.AbstractTransferListenerAdapter - Downloading https://repo.maven.apache.org/maven2/org/javassist/javassist/3.15.0-GA/javassist-3.15.0-GA.pom
2017-10-28 22:33:14,643 [Worker-2] INFO  o.e.m.c.i.e.AbstractTransferListenerAdapter - Downloaded https://repo.maven.apache.org/maven2/org/javassist/javassist/3.15.0-GA/javassist-3.15.0-GA.pom
2017-10-28 22:33:15,874 [Worker-2] INFO  o.e.m.c.i.e.AbstractTransferListenerAdapter - Downloading https://repo.maven.apache.org/maven2/org/apache/zookeeper/zookeeper/3.4.7/zookeeper-3.4.7.pom
2017-10-28 22:33:16,665 [Worker-2] INFO  o.e.m.c.i.e.AbstractTransferListenerAdapter - Downloaded https://repo.maven.apache.org/maven2/org/apache/zookeeper/zookeeper/3.4.7/zookeeper-3.4.7.pom
2017-10-28 22:33:17,656 [Worker-2] INFO  o.e.m.c.i.e.AbstractTransferListenerAdapter - Downloading https://repo.maven.apache.org/maven2/org/slf4j/slf4j-api/1.6.1/slf4j-api-1.6.1.pom
2017-10-28 22:33:18,558 [Worker-2] INFO  o.e.m.c.i.e.AbstractTransferListenerAdapter - Downloaded https://repo.maven.apache.org/maven2/org/slf4j/slf4j-api/1.6.1/slf4j-api-1.6.1.pom
2017-10-28 22:33:18,871 [Worker-2] INFO  o.e.m.c.i.e.AbstractTransferListenerAdapter - Downloading https://repo.maven.apache.org/maven2/org/slf4j/slf4j-parent/1.6.1/slf4j-parent-1.6.1.pom
2017-10-28 22:33:20,481 [Worker-2] INFO  o.e.m.c.i.e.AbstractTransferListenerAdapter - Downloaded https://repo.maven.apache.org/maven2/org/slf4j/slf4j-parent/1.6.1/slf4j-parent-1.6.1.pom
2017-10-28 22:33:21,301 [Worker-2] INFO  o.e.m.c.i.e.AbstractTransferListenerAdapter - Downloading https://repo.maven.apache.org/maven2/jline/jline/0.9.94/jline-0.9.94.pom
2017-10-28 22:33:22,922 [Worker-2] INFO  o.e.m.c.i.e.AbstractTransferListenerAdapter - Downloaded https://repo.maven.apache.org/maven2/jline/jline/0.9.94/jline-0.9.94.pom
2017-10-28 22:33:23,361 [Worker-2] INFO  o.e.m.c.i.e.AbstractTransferListenerAdapter - Downloading https://repo.maven.apache.org/maven2/io/netty/netty/3.7.0.Final/netty-3.7.0.Final.pom
2017-10-28 22:33:33,528 [Worker-2] INFO  o.e.m.c.i.e.AbstractTransferListenerAdapter - Downloaded https://repo.maven.apache.org/maven2/io/netty/netty/3.7.0.Final/netty-3.7.0.Final.pom
2017-10-28 22:33:33,865 [Worker-2] INFO  o.e.m.c.i.e.AbstractTransferListenerAdapter - Downloading https://repo.maven.apache.org/maven2/com/github/sgroschupf/zkclient/0.1/zkclient-0.1.pom
2017-10-28 22:33:34,778 [Worker-2] INFO  o.e.m.c.i.e.AbstractTransferListenerAdapter - Downloaded https://repo.maven.apache.org/maven2/com/github/sgroschupf/zkclient/0.1/zkclient-0.1.pom
2017-10-28 22:33:35,036 [Worker-2] INFO  o.e.m.c.i.e.AbstractTransferListenerAdapter - Downloading https://repo.maven.apache.org/maven2/log4j/log4j/1.2.14/log4j-1.2.14.pom
2017-10-28 22:33:36,180 [Worker-2] INFO  o.e.m.c.i.e.AbstractTransferListenerAdapter - Downloaded https://repo.maven.apache.org/maven2/log4j/log4j/1.2.14/log4j-1.2.14.pom
2017-10-28 22:33:36,563 [Worker-2] INFO  o.e.m.c.i.e.AbstractTransferListenerAdapter - Downloading https://repo.maven.apache.org/maven2/com/github/miemiedev/mybatis-paginator/1.2.15/mybatis-paginator-1.2.15.jar
2017-10-28 22:34:07,405 [Worker-2] INFO  o.e.m.c.i.e.AbstractTransferListenerAdapter - Downloaded https://repo.maven.apache.org/maven2/com/github/miemiedev/mybatis-paginator/1.2.15/mybatis-paginator-1.2.15.jar
2017-10-28 22:34:07,663 [Worker-2] INFO  o.e.m.c.i.e.AbstractTransferListenerAdapter - Downloaded https://repo.maven.apache.org/maven2/com/github/pagehelper/pagehelper/3.4.2-fix/pagehelper-3.4.2-fix.jar
2017-10-28 22:34:17,438 [Worker-2] INFO  o.e.m.c.i.e.AbstractTransferListenerAdapter - Downloading https://repo.maven.apache.org/maven2/org/apache/activemq/activemq-all/5.11.2/activemq-all-5.11.2.jar
2017-10-28 22:39:10,719 [Worker-3] INFO  c.g.t.t.d.PublishedGradleVersions - Gradle version information cache is up-to-date. Trying to read.
2017-10-28 22:39:17,849 [Worker-10] INFO  o.e.m.c.i.l.LifecycleMappingFactory - Using NULL lifecycle mapping for MavenProject: com.hui.ssm.carlmarket:carlmarket-parent:0.0.1-SNAPSHOT @ D:\GitTest\carlmarket-parent\pom.xml.
2017-10-28 22:39:18,549 [Worker-10] INFO  o.e.m.c.i.l.LifecycleMappingFactory - Using org.eclipse.m2e.jdt.JarLifecycleMapping lifecycle mapping for MavenProject: com.hui.ssm.carlmarket:carlmarket-common:0.0.1-SNAPSHOT @ D:\GitTest\carlmarket-common\pom.xml.
2017-10-28 22:39:18,869 [Worker-10] WARN  o.e.m.c.i.embedder.EclipseLogger - The POM for fastdfs_client:fastdfs_client:jar:1.25 is missing, no dependency information available
2017-10-28 22:39:18,895 [Worker-10] WARN  o.e.m.c.i.embedder.EclipseLogger - The artifact org.apache.commons:commons-io:jar:1.3.2 has been relocated to commons-io:commons-io:jar:1.3.2
2017-10-28 22:39:20,475 [Worker-10] INFO  o.e.m.c.i.l.LifecycleMappingFactory - Using org.eclipse.m2e.jdt.JarLifecycleMapping lifecycle mapping for MavenProject: com.hui.ssm.carlmarket:carlmarket-common:0.0.1-SNAPSHOT @ D:\GitTest\carlmarket-common\pom.xml.
2017-10-28 22:39:21,241 [Worker-10] WARN  o.e.m.c.i.embedder.EclipseLogger - The POM for fastdfs_client:fastdfs_client:jar:1.25 is missing, no dependency information available
2017-10-28 22:39:21,307 [Worker-10] WARN  o.e.m.c.i.embedder.EclipseLogger - The artifact org.apache.commons:commons-io:jar:1.3.2 has been relocated to commons-io:commons-io:jar:1.3.2
2017-10-28 22:39:21,849 [Worker-10] INFO  o.e.m.c.i.l.LifecycleMappingFactory - Using NULL lifecycle mapping for MavenProject: com.hui.ssm.carlmarket:carlmarket-parent:0.0.1-SNAPSHOT @ D:\GitTest\carlmarket-parent\pom.xml.
2017-10-28 22:39:22,251 [Worker-10] WARN  o.e.m.c.i.embedder.EclipseLogger - The POM for fastdfs_client:fastdfs_client:jar:1.25 is missing, no dependency information available
2017-10-28 22:39:22,266 [Worker-10] WARN  o.e.m.c.i.embedder.EclipseLogger - The artifact org.apache.commons:commons-io:jar:1.3.2 has been relocated to commons-io:commons-io:jar:1.3.2
2017-10-28 22:43:09,837 [Worker-11] INFO  o.e.m.c.i.l.LifecycleMappingFactory - Using NULL lifecycle mapping for MavenProject: com.hui.ssm.carlmarket:carlmarket-parent:0.0.1-SNAPSHOT @ D:\GitTest\carlmarket-parent\pom.xml.
2017-10-28 22:43:10,185 [Worker-11] INFO  o.e.m.c.i.p.ProjectConfigurationManager - Imported and configured 1 project(s) in 0 sec
2017-10-28 22:43:33,665 [Worker-11] INFO  o.e.m.c.i.l.LifecycleMappingFactory - Using org.eclipse.m2e.jdt.JarLifecycleMapping lifecycle mapping for MavenProject: com.hui.ssm.carlmarket:carlmarket-common:0.0.1-SNAPSHOT @ D:\GitTest\carlmarket-common\pom.xml.
2017-10-28 22:43:33,920 [Worker-11] WARN  o.e.m.c.i.embedder.EclipseLogger - The artifact org.apache.commons:commons-io:jar:1.3.2 has been relocated to commons-io:commons-io:jar:1.3.2
2017-10-28 22:43:34,605 [Worker-11] INFO  o.e.m.j.i.AbstractJavaProjectConfigurator - Adding source folder /carlmarket-common/src/main/java
2017-10-28 22:43:34,606 [Worker-11] INFO  o.e.m.j.i.AbstractJavaProjectConfigurator - Adding resource folder /carlmarket-common/src/main/resources
2017-10-28 22:43:34,607 [Worker-11] INFO  o.e.m.j.i.AbstractJavaProjectConfigurator - Adding source folder /carlmarket-common/src/test/java
2017-10-28 22:43:34,607 [Worker-11] INFO  o.e.m.j.i.AbstractJavaProjectConfigurator - Adding resource folder /carlmarket-common/src/test/resources
2017-10-28 22:43:35,241 [Worker-11] INFO  o.e.m.c.i.p.ProjectConfigurationManager - Imported and configured 1 project(s) in 3 sec
2017-10-28 22:43:38,457 [Worker-13] WARN  o.e.m.c.i.embedder.EclipseLogger - The artifact org.apache.commons:commons-io:jar:1.3.2 has been relocated to commons-io:commons-io:jar:1.3.2
2017-10-28 22:43:38,724 [Worker-13] INFO  o.e.m.c.i.embedder.EclipseLogger - Using 'UTF-8' encoding to copy filtered resources.
2017-10-28 22:43:38,726 [Worker-13] INFO  o.e.m.c.i.embedder.EclipseLogger - Copying 0 resource
2017-10-28 22:43:38,729 [Worker-13] INFO  o.e.m.c.i.embedder.EclipseLogger - Using 'UTF-8' encoding to copy filtered resources.
2017-10-28 22:43:38,729 [Worker-13] INFO  o.e.m.c.i.embedder.EclipseLogger - Copying 0 resource
2017-10-28 22:44:08,511 [Worker-13] INFO  o.e.m.c.i.l.LifecycleMappingFactory - Using NULL lifecycle mapping for MavenProject: com.hui.ssm.carlmarket:carlmarket-manager:0.0.1-SNAPSHOT @ D:\GitTest\carlmarket-manager\pom.xml.
2017-10-28 22:44:08,652 [Worker-13] INFO  o.e.m.c.i.l.LifecycleMappingFactory - Using org.eclipse.m2e.jdt.JarLifecycleMapping lifecycle mapping for MavenProject: com.hui.ssm.carlmarket:carlmarket-pojo:0.0.1-SNAPSHOT @ D:\GitTest\carlmarket-manager\carlmarket-pojo\pom.xml.
2017-10-28 22:44:08,700 [Worker-13] INFO  o.e.m.c.i.l.LifecycleMappingFactory - Using org.eclipse.m2e.jdt.JarLifecycleMapping lifecycle mapping for MavenProject: com.hui.ssm.carlmarket:carlmarket-mapper:0.0.1-SNAPSHOT @ D:\GitTest\carlmarket-manager\carlmarket-mapper\pom.xml.
2017-10-28 22:44:08,799 [Worker-13] INFO  o.e.m.c.i.l.LifecycleMappingFactory - Using org.eclipse.m2e.jdt.JarLifecycleMapping lifecycle mapping for MavenProject: com.hui.ssm.carlmarket:carlmarket-interface:0.0.1-SNAPSHOT @ D:\GitTest\carlmarket-manager\carlmarket-interface\pom.xml.
2017-10-28 22:44:08,857 [Worker-13] INFO  o.e.m.c.i.l.LifecycleMappingFactory - Using org.maven.ide.eclipse.wtp.WarLifecycleMapping lifecycle mapping for MavenProject: com.hui.ssm.carlmarket:carlmarket-service:0.0.1-SNAPSHOT @ D:\GitTest\carlmarket-manager\carlmarket-service\pom.xml.
2017-10-28 22:44:11,297 [Worker-13] INFO  o.e.m.j.i.AbstractJavaProjectConfigurator - Adding source folder /carlmarket-pojo/src/main/java
2017-10-28 22:44:11,297 [Worker-13] INFO  o.e.m.j.i.AbstractJavaProjectConfigurator - Adding resource folder /carlmarket-pojo/src/main/resources
2017-10-28 22:44:11,298 [Worker-13] INFO  o.e.m.j.i.AbstractJavaProjectConfigurator - Adding source folder /carlmarket-pojo/src/test/java
2017-10-28 22:44:11,298 [Worker-13] INFO  o.e.m.j.i.AbstractJavaProjectConfigurator - Adding resource folder /carlmarket-pojo/src/test/resources
2017-10-28 22:44:11,377 [Worker-13] INFO  o.e.m.j.i.AbstractJavaProjectConfigurator - Adding source folder /carlmarket-mapper/src/main/java
2017-10-28 22:44:11,377 [Worker-13] INFO  o.e.m.j.i.AbstractJavaProjectConfigurator - Adding resource folder /carlmarket-mapper/src/main/resources
2017-10-28 22:44:11,378 [Worker-13] INFO  o.e.m.j.i.AbstractJavaProjectConfigurator - Adding source folder /carlmarket-mapper/src/test/java
2017-10-28 22:44:11,378 [Worker-13] INFO  o.e.m.j.i.AbstractJavaProjectConfigurator - Adding resource folder /carlmarket-mapper/src/test/resources
2017-10-28 22:44:11,464 [Worker-13] INFO  o.e.m.j.i.AbstractJavaProjectConfigurator - Adding source folder /carlmarket-interface/src/main/java
2017-10-28 22:44:11,464 [Worker-13] INFO  o.e.m.j.i.AbstractJavaProjectConfigurator - Adding resource folder /carlmarket-interface/src/main/resources
2017-10-28 22:44:11,465 [Worker-13] INFO  o.e.m.j.i.AbstractJavaProjectConfigurator - Adding source folder /carlmarket-interface/src/test/java
2017-10-28 22:44:11,465 [Worker-13] INFO  o.e.m.j.i.AbstractJavaProjectConfigurator - Adding resource folder /carlmarket-interface/src/test/resources
2017-10-28 22:44:11,538 [Worker-13] INFO  o.e.m.j.i.AbstractJavaProjectConfigurator - Adding source folder /carlmarket-service/src/main/java
2017-10-28 22:44:11,538 [Worker-13] INFO  o.e.m.j.i.AbstractJavaProjectConfigurator - Adding resource folder /carlmarket-service/src/main/resources
2017-10-28 22:44:11,539 [Worker-13] INFO  o.e.m.j.i.AbstractJavaProjectConfigurator - Adding source folder /carlmarket-service/src/test/java
2017-10-28 22:44:11,540 [Worker-13] INFO  o.e.m.j.i.AbstractJavaProjectConfigurator - Adding resource folder /carlmarket-service/src/test/resources
2017-10-28 22:44:12,759 [Worker-13] INFO  o.e.m.c.i.p.ProjectConfigurationManager - Imported and configured 5 project(s) in 5 sec
2017-10-28 22:44:15,452 [Worker-28] INFO  o.e.m.c.i.embedder.EclipseLogger - Using 'UTF-8' encoding to copy filtered resources.
2017-10-28 22:44:15,453 [Worker-28] INFO  o.e.m.c.i.embedder.EclipseLogger - Copying 0 resource
2017-10-28 22:44:15,454 [Worker-28] INFO  o.e.m.c.i.embedder.EclipseLogger - Using 'UTF-8' encoding to copy filtered resources.
2017-10-28 22:44:15,455 [Worker-28] INFO  o.e.m.c.i.embedder.EclipseLogger - Copying 0 resource
2017-10-28 22:44:16,206 [Worker-28] INFO  o.e.m.c.i.embedder.EclipseLogger - Using 'UTF-8' encoding to copy filtered resources.
2017-10-28 22:44:16,208 [Worker-28] INFO  o.e.m.c.i.embedder.EclipseLogger - Copying 0 resource
2017-10-28 22:44:16,209 [Worker-28] INFO  o.e.m.c.i.embedder.EclipseLogger - Using 'UTF-8' encoding to copy filtered resources.
2017-10-28 22:44:16,211 [Worker-28] INFO  o.e.m.c.i.embedder.EclipseLogger - Copying 0 resource
2017-10-28 22:44:16,555 [Worker-28] INFO  o.e.m.c.i.embedder.EclipseLogger - Using 'UTF-8' encoding to copy filtered resources.
2017-10-28 22:44:16,556 [Worker-28] INFO  o.e.m.c.i.embedder.EclipseLogger - Copying 0 resource
2017-10-28 22:44:16,557 [Worker-28] INFO  o.e.m.c.i.embedder.EclipseLogger - Using 'UTF-8' encoding to copy filtered resources.
2017-10-28 22:44:16,557 [Worker-28] INFO  o.e.m.c.i.embedder.EclipseLogger - Copying 0 resource
2017-10-28 22:44:17,312 [Worker-28] INFO  o.e.m.c.i.embedder.EclipseLogger - Using 'UTF-8' encoding to copy filtered resources.
2017-10-28 22:44:17,314 [Worker-28] INFO  o.e.m.c.i.embedder.EclipseLogger - Copying 8 resources
2017-10-28 22:44:17,381 [Worker-28] INFO  o.e.m.c.i.embedder.EclipseLogger - Using 'UTF-8' encoding to copy filtered resources.
2017-10-28 22:44:17,382 [Worker-28] INFO  o.e.m.c.i.embedder.EclipseLogger - Copying 0 resource
2017-10-28 23:11:03,099 [Worker-30] INFO  o.e.m.c.i.embedder.EclipseLogger - Using 'UTF-8' encoding to copy filtered resources.
2017-10-28 23:11:03,103 [Worker-30] INFO  o.e.m.c.i.embedder.EclipseLogger - Copying 8 resources
2017-10-28 23:11:03,106 [Worker-30] INFO  o.e.m.c.i.embedder.EclipseLogger - Using 'UTF-8' encoding to copy filtered resources.
2017-10-28 23:11:03,106 [Worker-30] INFO  o.e.m.c.i.embedder.EclipseLogger - Copying 0 resource
2017-10-28 23:11:58,539 [Worker-37] WARN  o.e.m.c.i.embedder.EclipseLogger - The artifact org.apache.commons:commons-io:jar:1.3.2 has been relocated to commons-io:commons-io:jar:1.3.2
2017-10-28 23:11:58,573 [Worker-37] INFO  o.e.m.c.i.embedder.EclipseLogger - Using 'UTF-8' encoding to copy filtered resources.
2017-10-28 23:11:58,573 [Worker-37] INFO  o.e.m.c.i.embedder.EclipseLogger - Copying 0 resource
2017-10-28 23:11:58,574 [Worker-37] INFO  o.e.m.c.i.embedder.EclipseLogger - Using 'UTF-8' encoding to copy filtered resources.
2017-10-28 23:11:58,575 [Worker-37] INFO  o.e.m.c.i.embedder.EclipseLogger - Copying 0 resource
2017-10-28 23:11:58,810 [Worker-36] INFO  o.e.m.c.i.embedder.EclipseLogger - Using 'UTF-8' encoding to copy filtered resources.
2017-10-28 23:11:58,810 [Worker-36] INFO  o.e.m.c.i.embedder.EclipseLogger - Copying 0 resource
2017-10-28 23:11:58,814 [Worker-36] INFO  o.e.m.c.i.embedder.EclipseLogger - Using 'UTF-8' encoding to copy filtered resources.
2017-10-28 23:11:58,815 [Worker-36] INFO  o.e.m.c.i.embedder.EclipseLogger - Copying 0 resource
2017-10-28 23:11:58,975 [Worker-36] INFO  o.e.m.c.i.embedder.EclipseLogger - Using 'UTF-8' encoding to copy filtered resources.
2017-10-28 23:11:58,976 [Worker-36] INFO  o.e.m.c.i.embedder.EclipseLogger - Copying 0 resource
2017-10-28 23:11:58,977 [Worker-36] INFO  o.e.m.c.i.embedder.EclipseLogger - Using 'UTF-8' encoding to copy filtered resources.
2017-10-28 23:11:58,977 [Worker-36] INFO  o.e.m.c.i.embedder.EclipseLogger - Copying 0 resource
2017-10-28 23:11:59,125 [Worker-36] INFO  o.e.m.c.i.embedder.EclipseLogger - Using 'UTF-8' encoding to copy filtered resources.
2017-10-28 23:11:59,125 [Worker-36] INFO  o.e.m.c.i.embedder.EclipseLogger - Copying 0 resource
2017-10-28 23:11:59,127 [Worker-36] INFO  o.e.m.c.i.embedder.EclipseLogger - Using 'UTF-8' encoding to copy filtered resources.
2017-10-28 23:11:59,127 [Worker-36] INFO  o.e.m.c.i.embedder.EclipseLogger - Copying 0 resource
2017-10-28 23:11:59,295 [Worker-36] INFO  o.e.m.c.i.embedder.EclipseLogger - Using 'UTF-8' encoding to copy filtered resources.
2017-10-28 23:11:59,295 [Worker-36] INFO  o.e.m.c.i.embedder.EclipseLogger - Copying 0 resource
2017-10-28 23:11:59,297 [Worker-36] INFO  o.e.m.c.i.embedder.EclipseLogger - Using 'UTF-8' encoding to copy filtered resources.
2017-10-28 23:11:59,297 [Worker-36] INFO  o.e.m.c.i.embedder.EclipseLogger - Copying 0 resource
2017-10-28 23:12:27,741 [Worker-35] INFO  o.e.m.c.i.embedder.EclipseLogger - Using 'UTF-8' encoding to copy filtered resources.
2017-10-28 23:12:27,741 [Worker-35] INFO  o.e.m.c.i.embedder.EclipseLogger - Copying 0 resource
2017-10-28 23:12:27,743 [Worker-35] INFO  o.e.m.c.i.embedder.EclipseLogger - Using 'UTF-8' encoding to copy filtered resources.
2017-10-28 23:12:27,744 [Worker-35] INFO  o.e.m.c.i.embedder.EclipseLogger - Copying 0 resource
2017-10-28 23:12:27,992 [Worker-35] INFO  o.e.m.c.i.embedder.EclipseLogger - Using 'UTF-8' encoding to copy filtered resources.
2017-10-28 23:12:27,993 [Worker-35] INFO  o.e.m.c.i.embedder.EclipseLogger - Copying 0 resource
2017-10-28 23:12:27,995 [Worker-35] INFO  o.e.m.c.i.embedder.EclipseLogger - Using 'UTF-8' encoding to copy filtered resources.
2017-10-28 23:12:27,995 [Worker-35] INFO  o.e.m.c.i.embedder.EclipseLogger - Copying 0 resource
2017-10-28 23:12:40,211 [Worker-30] INFO  o.e.m.c.i.embedder.EclipseLogger - Using 'UTF-8' encoding to copy filtered resources.
2017-10-28 23:12:40,212 [Worker-30] INFO  o.e.m.c.i.embedder.EclipseLogger - Copying 0 resource
2017-10-28 23:12:40,213 [Worker-30] INFO  o.e.m.c.i.embedder.EclipseLogger - Using 'UTF-8' encoding to copy filtered resources.
2017-10-28 23:12:40,213 [Worker-30] INFO  o.e.m.c.i.embedder.EclipseLogger - Copying 0 resource
2017-10-28 23:12:41,603 [Worker-37] INFO  o.e.m.c.i.embedder.EclipseLogger - Using 'UTF-8' encoding to copy filtered resources.
2017-10-28 23:12:41,603 [Worker-37] INFO  o.e.m.c.i.embedder.EclipseLogger - Copying 0 resource
2017-10-28 23:12:41,605 [Worker-37] INFO  o.e.m.c.i.embedder.EclipseLogger - Using 'UTF-8' encoding to copy filtered resources.
2017-10-28 23:12:41,605 [Worker-37] INFO  o.e.m.c.i.embedder.EclipseLogger - Copying 0 resource
2017-10-28 23:12:42,715 [Worker-31] INFO  o.e.m.c.i.embedder.EclipseLogger - Using 'UTF-8' encoding to copy filtered resources.
2017-10-28 23:12:42,716 [Worker-31] INFO  o.e.m.c.i.embedder.EclipseLogger - Copying 0 resource
2017-10-28 23:12:42,724 [Worker-31] INFO  o.e.m.c.i.embedder.EclipseLogger - Using 'UTF-8' encoding to copy filtered resources.
2017-10-28 23:12:42,725 [Worker-31] INFO  o.e.m.c.i.embedder.EclipseLogger - Copying 0 resource
2017-10-28 23:12:43,349 [Worker-35] INFO  o.e.m.c.i.embedder.EclipseLogger - Using 'UTF-8' encoding to copy filtered resources.
2017-10-28 23:12:43,350 [Worker-35] INFO  o.e.m.c.i.embedder.EclipseLogger - Copying 8 resources
2017-10-28 23:12:43,385 [Worker-35] INFO  o.e.m.c.i.embedder.EclipseLogger - Using 'UTF-8' encoding to copy filtered resources.
2017-10-28 23:12:43,385 [Worker-35] INFO  o.e.m.c.i.embedder.EclipseLogger - Copying 0 resource
2017-10-28 23:13:54,762 [Worker-35] INFO  o.e.m.c.i.l.LifecycleMappingFactory - Using org.maven.ide.eclipse.wtp.WarLifecycleMapping lifecycle mapping for MavenProject: com.hui.ssm.carlmarket:carlmarket-web:0.0.1-SNAPSHOT @ D:\GitTest\carlmarket-web\pom.xml.
2017-10-28 23:13:55,934 [Worker-35] INFO  o.e.m.j.i.AbstractJavaProjectConfigurator - Adding source folder /carlmarket-web/src/main/java
2017-10-28 23:13:55,934 [Worker-35] INFO  o.e.m.j.i.AbstractJavaProjectConfigurator - Adding resource folder /carlmarket-web/src/main/resources
2017-10-28 23:13:55,935 [Worker-35] INFO  o.e.m.j.i.AbstractJavaProjectConfigurator - Adding source folder /carlmarket-web/src/test/java
2017-10-28 23:13:55,935 [Worker-35] INFO  o.e.m.j.i.AbstractJavaProjectConfigurator - Adding resource folder /carlmarket-web/src/test/resources
2017-10-28 23:13:56,955 [Worker-35] INFO  o.e.m.c.i.p.ProjectConfigurationManager - Imported and configured 1 project(s) in 4 sec
2017-10-28 23:13:58,090 [Worker-37] INFO  o.e.m.c.i.embedder.EclipseLogger - Using 'UTF-8' encoding to copy filtered resources.
2017-10-28 23:13:58,091 [Worker-37] INFO  o.e.m.c.i.embedder.EclipseLogger - Copying 4 resources
2017-10-28 23:13:58,100 [Worker-37] INFO  o.e.m.c.i.embedder.EclipseLogger - Using 'UTF-8' encoding to copy filtered resources.
2017-10-28 23:13:58,100 [Worker-37] INFO  o.e.m.c.i.embedder.EclipseLogger - Copying 0 resource
2017-10-28 23:14:47,596 [Worker-40] INFO  o.e.m.c.i.embedder.EclipseLogger - Using 'UTF-8' encoding to copy filtered resources.
2017-10-28 23:14:47,596 [Worker-40] INFO  o.e.m.c.i.embedder.EclipseLogger - Copying 0 resource
2017-10-28 23:14:47,597 [Worker-40] INFO  o.e.m.c.i.embedder.EclipseLogger - Using 'UTF-8' encoding to copy filtered resources.
2017-10-28 23:14:47,598 [Worker-40] INFO  o.e.m.c.i.embedder.EclipseLogger - Copying 0 resource
2017-10-28 23:15:37,472 [Worker-34] INFO  o.e.m.c.i.embedder.EclipseLogger - Using 'UTF-8' encoding to copy filtered resources.
2017-10-28 23:15:37,474 [Worker-34] INFO  o.e.m.c.i.embedder.EclipseLogger - Copying 1 resource
2017-10-28 23:15:37,529 [Worker-34] INFO  o.e.m.c.i.embedder.EclipseLogger - Using 'UTF-8' encoding to copy filtered resources.
2017-10-28 23:15:37,529 [Worker-34] INFO  o.e.m.c.i.embedder.EclipseLogger - Copying 0 resource
2017-10-28 23:16:49,418 [Worker-30] INFO  o.e.m.c.i.embedder.EclipseLogger - Using 'UTF-8' encoding to copy filtered resources.
2017-10-28 23:16:49,419 [Worker-30] INFO  o.e.m.c.i.embedder.EclipseLogger - Copying 0 resource
2017-10-28 23:16:49,420 [Worker-30] INFO  o.e.m.c.i.embedder.EclipseLogger - Using 'UTF-8' encoding to copy filtered resources.
2017-10-28 23:16:49,421 [Worker-30] INFO  o.e.m.c.i.embedder.EclipseLogger - Copying 0 resource
2017-10-28 23:16:49,631 [Worker-30] INFO  o.e.m.c.i.embedder.EclipseLogger - Using 'UTF-8' encoding to copy filtered resources.
2017-10-28 23:16:49,632 [Worker-30] INFO  o.e.m.c.i.embedder.EclipseLogger - Copying 0 resource
2017-10-28 23:16:49,633 [Worker-30] INFO  o.e.m.c.i.embedder.EclipseLogger - Using 'UTF-8' encoding to copy filtered resources.
2017-10-28 23:16:49,634 [Worker-30] INFO  o.e.m.c.i.embedder.EclipseLogger - Copying 0 resource
2017-10-28 23:16:49,865 [Worker-30] INFO  o.e.m.c.i.embedder.EclipseLogger - Using 'UTF-8' encoding to copy filtered resources.
2017-10-28 23:16:49,865 [Worker-30] INFO  o.e.m.c.i.embedder.EclipseLogger - Copying 0 resource
2017-10-28 23:16:49,867 [Worker-30] INFO  o.e.m.c.i.embedder.EclipseLogger - Using 'UTF-8' encoding to copy filtered resources.
2017-10-28 23:16:49,867 [Worker-30] INFO  o.e.m.c.i.embedder.EclipseLogger - Copying 0 resource
2017-10-28 23:16:49,973 [Worker-30] INFO  o.e.m.c.i.embedder.EclipseLogger - Using 'UTF-8' encoding to copy filtered resources.
2017-10-28 23:16:49,973 [Worker-30] INFO  o.e.m.c.i.embedder.EclipseLogger - Copying 0 resource
2017-10-28 23:16:49,975 [Worker-30] INFO  o.e.m.c.i.embedder.EclipseLogger - Using 'UTF-8' encoding to copy filtered resources.
2017-10-28 23:16:49,975 [Worker-30] INFO  o.e.m.c.i.embedder.EclipseLogger - Copying 0 resource
2017-10-28 23:16:50,181 [Worker-30] INFO  o.e.m.c.i.embedder.EclipseLogger - Using 'UTF-8' encoding to copy filtered resources.
2017-10-28 23:16:50,182 [Worker-30] INFO  o.e.m.c.i.embedder.EclipseLogger - Copying 8 resources
2017-10-28 23:16:50,183 [Worker-30] INFO  o.e.m.c.i.embedder.EclipseLogger - Using 'UTF-8' encoding to copy filtered resources.
2017-10-28 23:16:50,184 [Worker-30] INFO  o.e.m.c.i.embedder.EclipseLogger - Copying 0 resource
2017-10-28 23:16:50,185 [Worker-30] INFO  o.e.m.w.i.f.ResourceFilteringBuildParticipant - Changed resources require a complete clean of filtered resources of carlmarket-service
2017-10-28 23:16:50,186 [Worker-30] INFO  o.e.m.w.i.f.ResourceFilteringBuildParticipant - Executing resource filtering for carlmarket-service
2017-10-28 23:16:50,197 [Worker-30] INFO  o.e.m.c.i.embedder.EclipseLogger - Using 'UTF-8' encoding to copy filtered resources.
2017-10-28 23:16:50,805 [Worker-30] INFO  o.e.m.c.i.embedder.EclipseLogger - Using 'UTF-8' encoding to copy filtered resources.
2017-10-28 23:16:50,806 [Worker-30] INFO  o.e.m.c.i.embedder.EclipseLogger - Copying 4 resources
2017-10-28 23:16:50,808 [Worker-30] INFO  o.e.m.c.i.embedder.EclipseLogger - Using 'UTF-8' encoding to copy filtered resources.
2017-10-28 23:16:50,808 [Worker-30] INFO  o.e.m.c.i.embedder.EclipseLogger - Copying 0 resource
2017-10-28 23:16:50,808 [Worker-30] INFO  o.e.m.w.i.f.ResourceFilteringBuildParticipant - Changed resources require a complete clean of filtered resources of carlmarket-web
2017-10-28 23:16:50,808 [Worker-30] INFO  o.e.m.w.i.f.ResourceFilteringBuildParticipant - Executing resource filtering for carlmarket-web
2017-10-28 23:16:50,813 [Worker-30] INFO  o.e.m.c.i.embedder.EclipseLogger - Using 'UTF-8' encoding to copy filtered resources.
